UberApp-UberAppReset/Parse-Server-Starter-Project/ParseStarterProject/build/intermediates/manifest_merge_blame_file/debug/manifest-merger-blame-debug-report.txt
1<?xml version="1.0" encoding="utf-8"?>
2<manifest xmlns:android="http://schemas.android.com/apk/res/android"
3    package="com.parse.starter"
4    android:versionCode="1"
5    android:versionName="1.0" >
6
7    <uses-sdk
8        android:minSdkVersion="16"
8-->src\main\AndroidManifest.xml
9        android:targetSdkVersion="23" />
9-->src\main\AndroidManifest.xml
10
11    <uses-permission android:name="android.permission.INTERNET" />
11-->src\main\AndroidManifest.xml:42:5-67
11-->src\main\AndroidManifest.xml:42:22-64
12    <uses-permission android:name="android.permission.ACCESS_NETWORK_STATE" />
12-->src\main\AndroidManifest.xml:43:5-79
12-->src\main\AndroidManifest.xml:43:22-76
13    <uses-permission android:name="android.permission.READ_EXTERNAL_STORAGE" />
13-->src\main\AndroidManifest.xml:44:5-80
13-->src\main\AndroidManifest.xml:44:22-77
14    <uses-permission android:name="android.permission.ACCESS_FINE_LOCATION" />
14-->src\main\AndroidManifest.xml:46:5-79
14-->src\main\AndroidManifest.xml:46:22-76
15
16    <uses-feature
16-->[com.google.android.gms:play-services-maps:17.0.0] AndroidManifest.xml:26:5-28:35
17        android:glEsVersion="0x00020000"
17-->[com.google.android.gms:play-services-maps:17.0.0] AndroidManifest.xml:27:9-41
18        android:required="true" />
18-->[com.google.android.gms:play-services-maps:17.0.0] AndroidManifest.xml:28:9-32
19    <!--
20         The ACCESS_COARSE/FINE_LOCATION permissions are not required to use
21         Google Maps Android API v2, but you must specify either coarse or fine
22         location permissions for the "MyLocation" functionality.
23    -->
24    <application
24-->src\main\AndroidManifest.xml:10:5-41:19
25        android:name="com.parse.starter.StarterApplication"
25-->src\main\AndroidManifest.xml:11:9-43
26        android:allowBackup="true"
26-->src\main\AndroidManifest.xml:12:9-35
27        android:appComponentFactory="androidx.core.app.CoreComponentFactory"
27-->[androidx.core:core:1.1.0] AndroidManifest.xml:24:18-86
28        android:debuggable="true"
29        android:icon="@mipmap/ic_launcher"
29-->src\main\AndroidManifest.xml:13:9-43
30        android:label="@string/app_name"
30-->src\main\AndroidManifest.xml:14:9-41
31        android:testOnly="true"
32        android:theme="@style/AppTheme" >
32-->src\main\AndroidManifest.xml:15:9-40
33
34        <!--
35             The API key for Google Maps-based APIs is defined as a string resource.
36             (See the file "res/values/google_maps_api.xml").
37             Note that the API key is linked to the encryption key used to sign the APK.
38             You need a different API key for each encryption key, including the release key that is used to
39             sign the APK for publishing.
40             You can define the keys for the debug and release targets in src/debug/ and src/release/.
41        -->
42        <activity
42-->src\main\AndroidManifest.xml:25:9-27:69
43            android:name="com.parse.starter.RiderActivity"
43-->src\main\AndroidManifest.xml:26:13-42
44            android:label="@string/title_activity_rider" />
44-->src\main\AndroidManifest.xml:27:13-57
45        <activity
45-->src\main\AndroidManifest.xml:29:9-37:20
46            android:name="com.parse.starter.MainActivity"
46-->src\main\AndroidManifest.xml:30:13-41
47            android:label="@string/app_name" >
47-->src\main\AndroidManifest.xml:31:13-45
48            <intent-filter>
48-->src\main\AndroidManifest.xml:32:13-36:29
49                <action android:name="android.intent.action.MAIN" />
49-->src\main\AndroidManifest.xml:33:17-69
49-->src\main\AndroidManifest.xml:33:25-66
50
51                <category android:name="android.intent.category.LAUNCHER" />
51-->src\main\AndroidManifest.xml:35:17-77
51-->src\main\AndroidManifest.xml:35:27-74
52            </intent-filter>
53        </activity>
54
55        <meta-data
55-->src\main\AndroidManifest.xml:38:9-40:55
56            android:name="com.google.android.geo.API_KEY"
56-->src\main\AndroidManifest.xml:39:13-58
57            android:value="@string/google_maps_key" />
57-->src\main\AndroidManifest.xml:40:13-52
58        <!-- Needs to be explicitly declared on P+ -->
59        <uses-library
59-->[com.google.android.gms:play-services-maps:17.0.0] AndroidManifest.xml:33:9-35:40
60            android:name="org.apache.http.legacy"
60-->[com.google.android.gms:play-services-maps:17.0.0] AndroidManifest.xml:34:13-50
61            android:required="false" />
61-->[com.google.android.gms:play-services-maps:17.0.0] AndroidManifest.xml:35:13-37
62
63        <activity
63-->[com.google.android.gms:play-services-base:17.0.0] AndroidManifest.xml:23:9-26:75
64            android:name="com.google.android.gms.common.api.GoogleApiActivity"
64-->[com.google.android.gms:play-services-base:17.0.0] AndroidManifest.xml:24:13-79
65            android:exported="false"
65-->[com.google.android.gms:play-services-base:17.0.0] AndroidManifest.xml:25:13-37
66            android:theme="@android:style/Theme.Translucent.NoTitleBar" />
66-->[com.google.android.gms:play-services-base:17.0.0] AndroidManifest.xml:26:13-72
67
68        <meta-data
68-->[com.google.android.gms:play-services-basement:17.0.0] AndroidManifest.xml:23:9-25:69
69            android:name="com.google.android.gms.version"
69-->[com.google.android.gms:play-services-basement:17.0.0] AndroidManifest.xml:24:13-58
70            android:value="@integer/google_play_services_version" />
70-->[com.google.android.gms:play-services-basement:17.0.0] AndroidManifest.xml:25:13-66
71    </application>
72
73</manifest>